Build output check failed:
    Regex: 'command line option .* is valid for .* but not for C\+\+'
    Output line: 'cc1plus: warning: command line option '-Wmissing-prototypes' is valid for C/ObjC but not for C++'
Compilation failed:
    source file: '/home/tailbench/opencv-2.4.13.5/release/CMakeFiles/CMakeTmp/src.cxx'
    check option: ' -fsigned-char -W -Wall -Werror=return-type -Werror=address -Werror=sequence-point -Wformat -Werror=format-security -Wmissing-declarations  -Wmissing-prototypes'
===== BUILD LOG =====
Change Dir: /home/tailbench/opencv-2.4.13.5/release/CMakeFiles/CMakeTmp

Run Build Command:"/usr/bin/make" "cmTC_82214/fast"
/usr/bin/make -f CMakeFiles/cmTC_82214.dir/build.make CMakeFiles/cmTC_82214.dir/build
make[1]: Entering directory '/home/tailbench/opencv-2.4.13.5/release/CMakeFiles/CMakeTmp'
Building CXX object CMakeFiles/cmTC_82214.dir/src.cxx.o
/usr/bin/g++    -O3 -DNDEBUG   -fsigned-char -W -Wall -Werror=return-type -Werror=address -Werror=sequence-point -Wformat -Werror=format-security -Wmissing-declarations -Wmissing-prototypes -o CMakeFiles/cmTC_82214.dir/src.cxx.o -c /home/tailbench/opencv-2.4.13.5/release/CMakeFiles/CMakeTmp/src.cxx
cc1plus: warning: command line option '-Wmissing-prototypes' is valid for C/ObjC but not for C++
/home/tailbench/opencv-2.4.13.5/release/CMakeFiles/CMakeTmp/src.cxx:1:0: warning: ignoring #pragma   [-Wunknown-pragmas]
 #pragma
 
Linking CXX executable cmTC_82214
/usr/bin/cmake -E cmake_link_script CMakeFiles/cmTC_82214.dir/link.txt --verbose=1
/usr/bin/g++    -O3 -DNDEBUG    -rdynamic CMakeFiles/cmTC_82214.dir/src.cxx.o  -o cmTC_82214 
make[1]: Leaving directory '/home/tailbench/opencv-2.4.13.5/release/CMakeFiles/CMakeTmp'

===== END =====

Build output check failed:
    Regex: 'command line option .* is valid for .* but not for C\+\+'
    Output line: 'cc1plus: warning: command line option '-Wstrict-prototypes' is valid for C/ObjC but not for C++'
Compilation failed:
    source file: '/home/tailbench/opencv-2.4.13.5/release/CMakeFiles/CMakeTmp/src.cxx'
    check option: ' -fsigned-char -W -Wall -Werror=return-type -Werror=address -Werror=sequence-point -Wformat -Werror=format-security -Wmissing-declarations  -Wstrict-prototypes'
===== BUILD LOG =====
Change Dir: /home/tailbench/opencv-2.4.13.5/release/CMakeFiles/CMakeTmp

Run Build Command:"/usr/bin/make" "cmTC_c8926/fast"
/usr/bin/make -f CMakeFiles/cmTC_c8926.dir/build.make CMakeFiles/cmTC_c8926.dir/build
make[1]: Entering directory '/home/tailbench/opencv-2.4.13.5/release/CMakeFiles/CMakeTmp'
Building CXX object CMakeFiles/cmTC_c8926.dir/src.cxx.o
/usr/bin/g++    -O3 -DNDEBUG   -fsigned-char -W -Wall -Werror=return-type -Werror=address -Werror=sequence-point -Wformat -Werror=format-security -Wmissing-declarations -Wstrict-prototypes -o CMakeFiles/cmTC_c8926.dir/src.cxx.o -c /home/tailbench/opencv-2.4.13.5/release/CMakeFiles/CMakeTmp/src.cxx
cc1plus: warning: command line option '-Wstrict-prototypes' is valid for C/ObjC but not for C++
/home/tailbench/opencv-2.4.13.5/release/CMakeFiles/CMakeTmp/src.cxx:1:0: warning: ignoring #pragma   [-Wunknown-pragmas]
 #pragma
 
Linking CXX executable cmTC_c8926
/usr/bin/cmake -E cmake_link_script CMakeFiles/cmTC_c8926.dir/link.txt --verbose=1
/usr/bin/g++    -O3 -DNDEBUG    -rdynamic CMakeFiles/cmTC_c8926.dir/src.cxx.o  -o cmTC_c8926 
make[1]: Leaving directory '/home/tailbench/opencv-2.4.13.5/release/CMakeFiles/CMakeTmp'

===== END =====

Build output check failed:
    Regex: 'command line option .* is valid for .* but not for C'
    Output line: 'cc1: warning: command line option '-Wsign-promo' is valid for C++/ObjC++ but not for C'
Compilation failed:
    source file: '/home/tailbench/opencv-2.4.13.5/release/CMakeFiles/CMakeTmp/src.c'
    check option: ' -fsigned-char -W -Wall -Werror=return-type -Werror=address -Werror=sequence-point -Wformat -Werror=format-security -Wmissing-declarations -Wmissing-prototypes -Wstrict-prototypes -Wundef -Winit-self -Wpointer-arith -Wshadow  -Wsign-promo'
===== BUILD LOG =====
Change Dir: /home/tailbench/opencv-2.4.13.5/release/CMakeFiles/CMakeTmp

Run Build Command:"/usr/bin/make" "cmTC_0f36f/fast"
/usr/bin/make -f CMakeFiles/cmTC_0f36f.dir/build.make CMakeFiles/cmTC_0f36f.dir/build
make[1]: Entering directory '/home/tailbench/opencv-2.4.13.5/release/CMakeFiles/CMakeTmp'
Building C object CMakeFiles/cmTC_0f36f.dir/src.c.o
/usr/bin/cc   -O3 -DNDEBUG   -fsigned-char -W -Wall -Werror=return-type -Werror=address -Werror=sequence-point -Wformat -Werror=format-security -Wmissing-declarations -Wmissing-prototypes -Wstrict-prototypes -Wundef -Winit-self -Wpointer-arith -Wshadow -Wsign-promo -o CMakeFiles/cmTC_0f36f.dir/src.c.o   -c /home/tailbench/opencv-2.4.13.5/release/CMakeFiles/CMakeTmp/src.c
cc1: warning: command line option '-Wsign-promo' is valid for C++/ObjC++ but not for C
/home/tailbench/opencv-2.4.13.5/release/CMakeFiles/CMakeTmp/src.c:1:0: warning: ignoring #pragma   [-Wunknown-pragmas]
 #pragma
 
Linking C executable cmTC_0f36f
/usr/bin/cmake -E cmake_link_script CMakeFiles/cmTC_0f36f.dir/link.txt --verbose=1
/usr/bin/cc   -O3 -DNDEBUG    -rdynamic CMakeFiles/cmTC_0f36f.dir/src.c.o  -o cmTC_0f36f 
make[1]: Leaving directory '/home/tailbench/opencv-2.4.13.5/release/CMakeFiles/CMakeTmp'

===== END =====

Build output check failed:
    Regex: 'command line option .* is valid for .* but not for C'
    Output line: 'cc1: warning: command line option '-Wno-delete-non-virtual-dtor' is valid for C++/ObjC++ but not for C'
Compilation failed:
    source file: '/home/tailbench/opencv-2.4.13.5/release/CMakeFiles/CMakeTmp/src.c'
    check option: ' -fsigned-char -W -Wall -Werror=return-type -Werror=address -Werror=sequence-point -Wformat -Werror=format-security -Wmissing-declarations -Wmissing-prototypes -Wstrict-prototypes -Wundef -Winit-self -Wpointer-arith -Wshadow -Wno-narrowing  -Wno-delete-non-virtual-dtor'
===== BUILD LOG =====
Change Dir: /home/tailbench/opencv-2.4.13.5/release/CMakeFiles/CMakeTmp

Run Build Command:"/usr/bin/make" "cmTC_ae70e/fast"
/usr/bin/make -f CMakeFiles/cmTC_ae70e.dir/build.make CMakeFiles/cmTC_ae70e.dir/build
make[1]: Entering directory '/home/tailbench/opencv-2.4.13.5/release/CMakeFiles/CMakeTmp'
Building C object CMakeFiles/cmTC_ae70e.dir/src.c.o
/usr/bin/cc   -O3 -DNDEBUG   -fsigned-char -W -Wall -Werror=return-type -Werror=address -Werror=sequence-point -Wformat -Werror=format-security -Wmissing-declarations -Wmissing-prototypes -Wstrict-prototypes -Wundef -Winit-self -Wpointer-arith -Wshadow -Wno-narrowing -Wno-delete-non-virtual-dtor -o CMakeFiles/cmTC_ae70e.dir/src.c.o   -c /home/tailbench/opencv-2.4.13.5/release/CMakeFiles/CMakeTmp/src.c
cc1: warning: command line option '-Wno-delete-non-virtual-dtor' is valid for C++/ObjC++ but not for C
/home/tailbench/opencv-2.4.13.5/release/CMakeFiles/CMakeTmp/src.c:1:0: warning: ignoring #pragma   [-Wunknown-pragmas]
 #pragma
 
Linking C executable cmTC_ae70e
/usr/bin/cmake -E cmake_link_script CMakeFiles/cmTC_ae70e.dir/link.txt --verbose=1
/usr/bin/cc   -O3 -DNDEBUG    -rdynamic CMakeFiles/cmTC_ae70e.dir/src.c.o  -o cmTC_ae70e 
make[1]: Leaving directory '/home/tailbench/opencv-2.4.13.5/release/CMakeFiles/CMakeTmp'

===== END =====

Build output check failed:
    Regex: 'unrecognized .*option'
    Output line: 'cc1plus: warning: unrecognized command line option '-Wno-unnamed-type-template-args''
Compilation failed:
    source file: '/home/tailbench/opencv-2.4.13.5/release/CMakeFiles/CMakeTmp/src.cxx'
    check option: ' -fsigned-char -W -Wall -Werror=return-type -Werror=address -Werror=sequence-point -Wformat -Werror=format-security -Wmissing-declarations -Wundef -Winit-self -Wpointer-arith -Wshadow -Wsign-promo -Wno-narrowing -Wno-delete-non-virtual-dtor  -Wno-unnamed-type-template-args'
===== BUILD LOG =====
Change Dir: /home/tailbench/opencv-2.4.13.5/release/CMakeFiles/CMakeTmp

Run Build Command:"/usr/bin/make" "cmTC_5ca72/fast"
/usr/bin/make -f CMakeFiles/cmTC_5ca72.dir/build.make CMakeFiles/cmTC_5ca72.dir/build
make[1]: Entering directory '/home/tailbench/opencv-2.4.13.5/release/CMakeFiles/CMakeTmp'
Building CXX object CMakeFiles/cmTC_5ca72.dir/src.cxx.o
/usr/bin/g++    -O3 -DNDEBUG   -fsigned-char -W -Wall -Werror=return-type -Werror=address -Werror=sequence-point -Wformat -Werror=format-security -Wmissing-declarations -Wundef -Winit-self -Wpointer-arith -Wshadow -Wsign-promo -Wno-narrowing -Wno-delete-non-virtual-dtor -Wno-unnamed-type-template-args -o CMakeFiles/cmTC_5ca72.dir/src.cxx.o -c /home/tailbench/opencv-2.4.13.5/release/CMakeFiles/CMakeTmp/src.cxx
/home/tailbench/opencv-2.4.13.5/release/CMakeFiles/CMakeTmp/src.cxx:1:0: warning: ignoring #pragma   [-Wunknown-pragmas]
 #pragma
 
cc1plus: warning: unrecognized command line option '-Wno-unnamed-type-template-args'
Linking CXX executable cmTC_5ca72
/usr/bin/cmake -E cmake_link_script CMakeFiles/cmTC_5ca72.dir/link.txt --verbose=1
/usr/bin/g++    -O3 -DNDEBUG    -rdynamic CMakeFiles/cmTC_5ca72.dir/src.cxx.o  -o cmTC_5ca72 
make[1]: Leaving directory '/home/tailbench/opencv-2.4.13.5/release/CMakeFiles/CMakeTmp'

===== END =====

Build output check failed:
    Regex: 'unrecognized .*option'
    Output line: 'cc1: warning: unrecognized command line option '-Wno-unnamed-type-template-args''
Compilation failed:
    source file: '/home/tailbench/opencv-2.4.13.5/release/CMakeFiles/CMakeTmp/src.c'
    check option: ' -fsigned-char -W -Wall -Werror=return-type -Werror=address -Werror=sequence-point -Wformat -Werror=format-security -Wmissing-declarations -Wmissing-prototypes -Wstrict-prototypes -Wundef -Winit-self -Wpointer-arith -Wshadow -Wno-narrowing  -Wno-unnamed-type-template-args'
===== BUILD LOG =====
Change Dir: /home/tailbench/opencv-2.4.13.5/release/CMakeFiles/CMakeTmp

Run Build Command:"/usr/bin/make" "cmTC_26edb/fast"
/usr/bin/make -f CMakeFiles/cmTC_26edb.dir/build.make CMakeFiles/cmTC_26edb.dir/build
make[1]: Entering directory '/home/tailbench/opencv-2.4.13.5/release/CMakeFiles/CMakeTmp'
Building C object CMakeFiles/cmTC_26edb.dir/src.c.o
/usr/bin/cc   -O3 -DNDEBUG   -fsigned-char -W -Wall -Werror=return-type -Werror=address -Werror=sequence-point -Wformat -Werror=format-security -Wmissing-declarations -Wmissing-prototypes -Wstrict-prototypes -Wundef -Winit-self -Wpointer-arith -Wshadow -Wno-narrowing -Wno-unnamed-type-template-args -o CMakeFiles/cmTC_26edb.dir/src.c.o   -c /home/tailbench/opencv-2.4.13.5/release/CMakeFiles/CMakeTmp/src.c
/home/tailbench/opencv-2.4.13.5/release/CMakeFiles/CMakeTmp/src.c:1:0: warning: ignoring #pragma   [-Wunknown-pragmas]
 #pragma
 
cc1: warning: unrecognized command line option '-Wno-unnamed-type-template-args'
Linking C executable cmTC_26edb
/usr/bin/cmake -E cmake_link_script CMakeFiles/cmTC_26edb.dir/link.txt --verbose=1
/usr/bin/cc   -O3 -DNDEBUG    -rdynamic CMakeFiles/cmTC_26edb.dir/src.c.o  -o cmTC_26edb 
make[1]: Leaving directory '/home/tailbench/opencv-2.4.13.5/release/CMakeFiles/CMakeTmp'

===== END =====

Determining if the Q_WS_WIN exist failed with the following output:
Change Dir: /home/tailbench/opencv-2.4.13.5/release/CMakeFiles/CMakeTmp

Run Build Command:"/usr/bin/make" "cmTC_e4ec4/fast"
/usr/bin/make -f CMakeFiles/cmTC_e4ec4.dir/build.make CMakeFiles/cmTC_e4ec4.dir/build
make[1]: Entering directory '/home/tailbench/opencv-2.4.13.5/release/CMakeFiles/CMakeTmp'
Building CXX object CMakeFiles/cmTC_e4ec4.dir/CheckSymbolExists.cxx.o
/usr/bin/g++   -I/usr/include/qt4  -fPIC   -fsigned-char -W -Wall -Werror=return-type -Werror=address -Werror=sequence-point -Wformat -Werror=format-security -Wmissing-declarations -Wundef -Winit-self -Wpointer-arith -Wshadow -Wsign-promo -Wno-narrowing -Wno-delete-non-virtual-dtor -Wno-comment -Wno-array-bounds -Wno-aggressive-loop-optimizations -fdiagnostics-show-option -Wno-long-long -pthread -fomit-frame-pointer -ffast-math -msse -msse2 -msse3 -ffunction-sections  -O3 -DNDEBUG   -o CMakeFiles/cmTC_e4ec4.dir/CheckSymbolExists.cxx.o -c /home/tailbench/opencv-2.4.13.5/release/CMakeFiles/CMakeTmp/CheckSymbolExists.cxx
/home/tailbench/opencv-2.4.13.5/release/CMakeFiles/CMakeTmp/CheckSymbolExists.cxx: In function 'int main(int, char**)':
/home/tailbench/opencv-2.4.13.5/release/CMakeFiles/CMakeTmp/CheckSymbolExists.cxx:8:19: error: 'Q_WS_WIN' was not declared in this scope
   return ((int*)(&Q_WS_WIN))[argc];
                   ^~~~~~~~
/home/tailbench/opencv-2.4.13.5/release/CMakeFiles/CMakeTmp/CheckSymbolExists.cxx:8:19: note: suggested alternative: 'Q_WS_X11'
   return ((int*)(&Q_WS_WIN))[argc];
                   ^~~~~~~~
                   Q_WS_X11
CMakeFiles/cmTC_e4ec4.dir/build.make:65: recipe for target 'CMakeFiles/cmTC_e4ec4.dir/CheckSymbolExists.cxx.o' failed
make[1]: *** [CMakeFiles/cmTC_e4ec4.dir/CheckSymbolExists.cxx.o] Error 1
make[1]: Leaving directory '/home/tailbench/opencv-2.4.13.5/release/CMakeFiles/CMakeTmp'
Makefile:126: recipe for target 'cmTC_e4ec4/fast' failed
make: *** [cmTC_e4ec4/fast] Error 2

File /home/tailbench/opencv-2.4.13.5/release/CMakeFiles/CMakeTmp/CheckSymbolExists.cxx:
/* */
#include <QtCore/qglobal.h>

int main(int argc, char** argv)
{
  (void)argv;
#ifndef Q_WS_WIN
  return ((int*)(&Q_WS_WIN))[argc];
#else
  (void)argc;
  return 0;
#endif
}

Determining if the Q_WS_QWS exist failed with the following output:
Change Dir: /home/tailbench/opencv-2.4.13.5/release/CMakeFiles/CMakeTmp

Run Build Command:"/usr/bin/make" "cmTC_72f2d/fast"
/usr/bin/make -f CMakeFiles/cmTC_72f2d.dir/build.make CMakeFiles/cmTC_72f2d.dir/build
make[1]: Entering directory '/home/tailbench/opencv-2.4.13.5/release/CMakeFiles/CMakeTmp'
Building CXX object CMakeFiles/cmTC_72f2d.dir/CheckSymbolExists.cxx.o
/usr/bin/g++   -I/usr/include/qt4  -fPIC   -fsigned-char -W -Wall -Werror=return-type -Werror=address -Werror=sequence-point -Wformat -Werror=format-security -Wmissing-declarations -Wundef -Winit-self -Wpointer-arith -Wshadow -Wsign-promo -Wno-narrowing -Wno-delete-non-virtual-dtor -Wno-comment -Wno-array-bounds -Wno-aggressive-loop-optimizations -fdiagnostics-show-option -Wno-long-long -pthread -fomit-frame-pointer -ffast-math -msse -msse2 -msse3 -ffunction-sections  -O3 -DNDEBUG   -o CMakeFiles/cmTC_72f2d.dir/CheckSymbolExists.cxx.o -c /home/tailbench/opencv-2.4.13.5/release/CMakeFiles/CMakeTmp/CheckSymbolExists.cxx
/home/tailbench/opencv-2.4.13.5/release/CMakeFiles/CMakeTmp/CheckSymbolExists.cxx: In function 'int main(int, char**)':
/home/tailbench/opencv-2.4.13.5/release/CMakeFiles/CMakeTmp/CheckSymbolExists.cxx:8:19: error: 'Q_WS_QWS' was not declared in this scope
   return ((int*)(&Q_WS_QWS))[argc];
                   ^~~~~~~~
/home/tailbench/opencv-2.4.13.5/release/CMakeFiles/CMakeTmp/CheckSymbolExists.cxx:8:19: note: suggested alternative: 'Q_WS_X11'
   return ((int*)(&Q_WS_QWS))[argc];
                   ^~~~~~~~
                   Q_WS_X11
CMakeFiles/cmTC_72f2d.dir/build.make:65: recipe for target 'CMakeFiles/cmTC_72f2d.dir/CheckSymbolExists.cxx.o' failed
make[1]: *** [CMakeFiles/cmTC_72f2d.dir/CheckSymbolExists.cxx.o] Error 1
make[1]: Leaving directory '/home/tailbench/opencv-2.4.13.5/release/CMakeFiles/CMakeTmp'
Makefile:126: recipe for target 'cmTC_72f2d/fast' failed
make: *** [cmTC_72f2d/fast] Error 2

File /home/tailbench/opencv-2.4.13.5/release/CMakeFiles/CMakeTmp/CheckSymbolExists.cxx:
/* */
#include <QtCore/qglobal.h>

int main(int argc, char** argv)
{
  (void)argv;
#ifndef Q_WS_QWS
  return ((int*)(&Q_WS_QWS))[argc];
#else
  (void)argc;
  return 0;
#endif
}

Determining if the Q_WS_MAC exist failed with the following output:
Change Dir: /home/tailbench/opencv-2.4.13.5/release/CMakeFiles/CMakeTmp

Run Build Command:"/usr/bin/make" "cmTC_e6812/fast"
/usr/bin/make -f CMakeFiles/cmTC_e6812.dir/build.make CMakeFiles/cmTC_e6812.dir/build
make[1]: Entering directory '/home/tailbench/opencv-2.4.13.5/release/CMakeFiles/CMakeTmp'
Building CXX object CMakeFiles/cmTC_e6812.dir/CheckSymbolExists.cxx.o
/usr/bin/g++   -I/usr/include/qt4  -fPIC   -fsigned-char -W -Wall -Werror=return-type -Werror=address -Werror=sequence-point -Wformat -Werror=format-security -Wmissing-declarations -Wundef -Winit-self -Wpointer-arith -Wshadow -Wsign-promo -Wno-narrowing -Wno-delete-non-virtual-dtor -Wno-comment -Wno-array-bounds -Wno-aggressive-loop-optimizations -fdiagnostics-show-option -Wno-long-long -pthread -fomit-frame-pointer -ffast-math -msse -msse2 -msse3 -ffunction-sections  -O3 -DNDEBUG   -o CMakeFiles/cmTC_e6812.dir/CheckSymbolExists.cxx.o -c /home/tailbench/opencv-2.4.13.5/release/CMakeFiles/CMakeTmp/CheckSymbolExists.cxx
/home/tailbench/opencv-2.4.13.5/release/CMakeFiles/CMakeTmp/CheckSymbolExists.cxx: In function 'int main(int, char**)':
/home/tailbench/opencv-2.4.13.5/release/CMakeFiles/CMakeTmp/CheckSymbolExists.cxx:8:19: error: 'Q_WS_MAC' was not declared in this scope
   return ((int*)(&Q_WS_MAC))[argc];
                   ^~~~~~~~
/home/tailbench/opencv-2.4.13.5/release/CMakeFiles/CMakeTmp/CheckSymbolExists.cxx:8:19: note: suggested alternative: 'Q_WS_X11'
   return ((int*)(&Q_WS_MAC))[argc];
                   ^~~~~~~~
                   Q_WS_X11
CMakeFiles/cmTC_e6812.dir/build.make:65: recipe for target 'CMakeFiles/cmTC_e6812.dir/CheckSymbolExists.cxx.o' failed
make[1]: *** [CMakeFiles/cmTC_e6812.dir/CheckSymbolExists.cxx.o] Error 1
make[1]: Leaving directory '/home/tailbench/opencv-2.4.13.5/release/CMakeFiles/CMakeTmp'
Makefile:126: recipe for target 'cmTC_e6812/fast' failed
make: *** [cmTC_e6812/fast] Error 2

File /home/tailbench/opencv-2.4.13.5/release/CMakeFiles/CMakeTmp/CheckSymbolExists.cxx:
/* */
#include <QtCore/qglobal.h>

int main(int argc, char** argv)
{
  (void)argv;
#ifndef Q_WS_MAC
  return ((int*)(&Q_WS_MAC))[argc];
#else
  (void)argc;
  return 0;
#endif
}

Determining if the include file linux/videodev.h exists failed with the following output:
Change Dir: /home/tailbench/opencv-2.4.13.5/release/CMakeFiles/CMakeTmp

Run Build Command:"/usr/bin/make" "cmTC_3b757/fast"
/usr/bin/make -f CMakeFiles/cmTC_3b757.dir/build.make CMakeFiles/cmTC_3b757.dir/build
make[1]: Entering directory '/home/tailbench/opencv-2.4.13.5/release/CMakeFiles/CMakeTmp'
Building C object CMakeFiles/cmTC_3b757.dir/CheckIncludeFile.c.o
/usr/bin/cc   -fPIC   -fsigned-char -W -Wall -Werror=return-type -Werror=address -Werror=sequence-point -Wformat -Werror=format-security -Wmissing-declarations -Wmissing-prototypes -Wstrict-prototypes -Wundef -Winit-self -Wpointer-arith -Wshadow -Wno-narrowing -Wno-comment -Wno-array-bounds -Wno-aggressive-loop-optimizations -fdiagnostics-show-option -Wno-long-long -pthread -fomit-frame-pointer -ffast-math -msse -msse2 -msse3 -ffunction-sections  -O3 -DNDEBUG   -o CMakeFiles/cmTC_3b757.dir/CheckIncludeFile.c.o   -c /home/tailbench/opencv-2.4.13.5/release/CMakeFiles/CMakeTmp/CheckIncludeFile.c
/home/tailbench/opencv-2.4.13.5/release/CMakeFiles/CMakeTmp/CheckIncludeFile.c:1:10: fatal error: linux/videodev.h: No such file or directory
 #include <linux/videodev.h>
          ^~~~~~~~~~~~~~~~~~
compilation terminated.
CMakeFiles/cmTC_3b757.dir/build.make:65: recipe for target 'CMakeFiles/cmTC_3b757.dir/CheckIncludeFile.c.o' failed
make[1]: *** [CMakeFiles/cmTC_3b757.dir/CheckIncludeFile.c.o] Error 1
make[1]: Leaving directory '/home/tailbench/opencv-2.4.13.5/release/CMakeFiles/CMakeTmp'
Makefile:126: recipe for target 'cmTC_3b757/fast' failed
make: *** [cmTC_3b757/fast] Error 2


Determining if the include file sys/videoio.h exists failed with the following output:
Change Dir: /home/tailbench/opencv-2.4.13.5/release/CMakeFiles/CMakeTmp

Run Build Command:"/usr/bin/make" "cmTC_73262/fast"
/usr/bin/make -f CMakeFiles/cmTC_73262.dir/build.make CMakeFiles/cmTC_73262.dir/build
make[1]: Entering directory '/home/tailbench/opencv-2.4.13.5/release/CMakeFiles/CMakeTmp'
Building C object CMakeFiles/cmTC_73262.dir/CheckIncludeFile.c.o
/usr/bin/cc   -fPIC   -fsigned-char -W -Wall -Werror=return-type -Werror=address -Werror=sequence-point -Wformat -Werror=format-security -Wmissing-declarations -Wmissing-prototypes -Wstrict-prototypes -Wundef -Winit-self -Wpointer-arith -Wshadow -Wno-narrowing -Wno-comment -Wno-array-bounds -Wno-aggressive-loop-optimizations -fdiagnostics-show-option -Wno-long-long -pthread -fomit-frame-pointer -ffast-math -msse -msse2 -msse3 -ffunction-sections  -O3 -DNDEBUG   -o CMakeFiles/cmTC_73262.dir/CheckIncludeFile.c.o   -c /home/tailbench/opencv-2.4.13.5/release/CMakeFiles/CMakeTmp/CheckIncludeFile.c
/home/tailbench/opencv-2.4.13.5/release/CMakeFiles/CMakeTmp/CheckIncludeFile.c:1:10: fatal error: sys/videoio.h: No such file or directory
 #include <sys/videoio.h>
          ^~~~~~~~~~~~~~~
compilation terminated.
CMakeFiles/cmTC_73262.dir/build.make:65: recipe for target 'CMakeFiles/cmTC_73262.dir/CheckIncludeFile.c.o' failed
make[1]: *** [CMakeFiles/cmTC_73262.dir/CheckIncludeFile.c.o] Error 1
make[1]: Leaving directory '/home/tailbench/opencv-2.4.13.5/release/CMakeFiles/CMakeTmp'
Makefile:126: recipe for target 'cmTC_73262/fast' failed
make: *** [cmTC_73262/fast] Error 2


Build output check failed:
    Regex: 'unrecognized .*option'
    Output line: 'cc1plus: warning: unrecognized command line option '-Wno-unused-private-field''
Compilation failed:
    source file: '/home/tailbench/opencv-2.4.13.5/release/CMakeFiles/CMakeTmp/src.cxx'
    check option: ' -Wno-unused-private-field'
===== BUILD LOG =====
Change Dir: /home/tailbench/opencv-2.4.13.5/release/CMakeFiles/CMakeTmp

Run Build Command:"/usr/bin/make" "cmTC_6d9fe/fast"
/usr/bin/make -f CMakeFiles/cmTC_6d9fe.dir/build.make CMakeFiles/cmTC_6d9fe.dir/build
make[1]: Entering directory '/home/tailbench/opencv-2.4.13.5/release/CMakeFiles/CMakeTmp'
Building CXX object CMakeFiles/cmTC_6d9fe.dir/src.cxx.o
/usr/bin/g++    -fPIC   -fsigned-char -W -Wall -Werror=return-type -Werror=address -Werror=sequence-point -Wformat -Werror=format-security -Wmissing-declarations -Wundef -Winit-self -Wpointer-arith -Wshadow -Wsign-promo -Wno-narrowing -Wno-delete-non-virtual-dtor -Wno-comment -Wno-array-bounds -Wno-aggressive-loop-optimizations -fdiagnostics-show-option -Wno-long-long -pthread -fomit-frame-pointer -ffast-math -msse -msse2 -msse3 -ffunction-sections  -O3 -DNDEBUG   -Wno-unused-private-field -o CMakeFiles/cmTC_6d9fe.dir/src.cxx.o -c /home/tailbench/opencv-2.4.13.5/release/CMakeFiles/CMakeTmp/src.cxx
/home/tailbench/opencv-2.4.13.5/release/CMakeFiles/CMakeTmp/src.cxx:1:0: warning: ignoring #pragma   [-Wunknown-pragmas]
 #pragma
 
cc1plus: warning: unrecognized command line option '-Wno-unused-private-field'
Linking CXX executable cmTC_6d9fe
/usr/bin/cmake -E cmake_link_script CMakeFiles/cmTC_6d9fe.dir/link.txt --verbose=1
/usr/bin/g++   -fPIC   -fsigned-char -W -Wall -Werror=return-type -Werror=address -Werror=sequence-point -Wformat -Werror=format-security -Wmissing-declarations -Wundef -Winit-self -Wpointer-arith -Wshadow -Wsign-promo -Wno-narrowing -Wno-delete-non-virtual-dtor -Wno-comment -Wno-array-bounds -Wno-aggressive-loop-optimizations -fdiagnostics-show-option -Wno-long-long -pthread -fomit-frame-pointer -ffast-math -msse -msse2 -msse3 -ffunction-sections  -O3 -DNDEBUG    -rdynamic CMakeFiles/cmTC_6d9fe.dir/src.cxx.o  -o cmTC_6d9fe 
make[1]: Leaving directory '/home/tailbench/opencv-2.4.13.5/release/CMakeFiles/CMakeTmp'

===== END =====

